[2026-06-01T04:57:14.096Z] [INFO] Starting server
[2026-06-01T04:57:14.097Z] [INFO] Server started
[2026-06-01T04:57:14.103Z] [INFO] Starting search-companies tool with query:
"Stilta IP"
[2026-06-01T04:57:14.103Z] [INFO] Calling searchCompanies function...
[2026-06-01T04:57:14.103Z] [INFO] Fetching:
"https://www.allabolag.se/bransch-s%C3%B6k?q=Stilta%20IP"
[2026-06-01T04:57:14.455Z] [INFO] Companies parsed:
1
[2026-06-01T04:57:14.455Z] [INFO] Search results received:
[
  {
    "name": "Stilta IP AB",
    "orgNumber": "559568-6196",
    "location": "Vegagatan 13 a, 113 29, Stockholm",
    "link": "559568-6196",
    "employees": "0"
  }
]
[2026-06-01T04:57:14.456Z] [INFO] Found 1 companies
[2026-06-01T04:57:15.118Z] [INFO] Starting server
[2026-06-01T04:57:15.120Z] [INFO] Server started
[2026-06-01T04:57:15.125Z] [INFO] using tool get-company-info
[2026-06-01T04:57:15.125Z] [INFO] Fetching:
"https://www.allabolag.se/bransch-s%C3%B6k?q=5595686196"
[2026-06-01T04:57:15.590Z] [INFO] Companies parsed:
1
[2026-06-01T04:57:16.187Z] [INFO] Starting server
[2026-06-01T04:57:16.189Z] [INFO] Server started
[2026-06-01T04:57:16.194Z] [INFO] Starting search-companies tool with query:
"Klarna"
[2026-06-01T04:57:16.194Z] [INFO] Calling searchCompanies function...
[2026-06-01T04:57:16.194Z] [INFO] Fetching:
"https://www.allabolag.se/bransch-s%C3%B6k?q=Klarna"
[2026-06-01T04:57:16.563Z] [INFO] Companies parsed:
25
[2026-06-01T04:57:16.564Z] [INFO] Search results received:
[
  {
    "name": "Klarna Bank AB",
    "orgNumber": "556737-0431",
    "location": "Sveavägen 46, 111 34, Stockholm",
    "link": "556737-0431",
    "revenue": "3162340 SEK",
    "employees": "851"
  },
  {
    "name": "Malmöhus Mäklarna Aktiebolag",
    "orgNumber": "556194-9511",
    "location": "Östra Fädriften 47, 236 36, Höllviken",
    "link": "556194-9511",
    "revenue": "18275 SEK",
    "employees": "5"
  },
  {
    "name": "Fordonsmäklarna Stockholm City AB",
    "orgNumber": "556776-8568",
    "location": "Bollstanäsvägen 1, 192 78, Sollentuna",
    "link": "556776-8568",
    "revenue": "333719 SEK",
    "employees": "18"
  },
  {
    "name": "Skogsmäklarna i Värmland Handelsbolag",
    "orgNumber": "969687-3836",
    "location": "Kjelléns v. 3, 680 63, Ekshärad",
    "link": "969687-3836",
    "employees": "1-4"
  },
  {
    "name": "Fastighetsmäklarna i Ronneby AB",
    "orgNumber": "556791-0525",
    "location": "Östra Torggatan 1, 372 30, Ronneby",
    "link": "556791-0525",
    "revenue": "8691 SEK",
    "employees": "5"
  },
  {
    "name": "Fastighetsmäklarna i Karlskrona AB",
    "orgNumber": "556621-9589",
    "location": "Borgmästaregatan 13, 37135, KARLSKRONA",
    "link": "556621-9589",
    "revenue": "17122 SEK",
    "employees": "8"
  },
  {
    "name": "BusinessGroup Dalarna AB",
    "orgNumber": "559025-8405",
    "location": "Forskargatan 3, 781 70, Borlänge",
    "link": "559025-8405",
    "revenue": "14487 SEK",
    "employees": "14"
  },
  {
    "name": "Klara Consulting i Sverige AB",
    "orgNumber": "556550-4064",
    "location": "Klara Södra Kyrkogata 1, 111 52, Stockholm",
    "link": "556550-4064",
    "revenue": "254430 SEK",
    "employees": "206"
  },
  {
    "name": "Klarna Technologies AB",
    "orgNumber": "556566-7796",
    "location": "Sveavägen 38, 111 34, Stockholm",
    "link": "556566-7796",
    "revenue": "361559 SEK",
    "employees": "133"
  },
  {
    "name": "Klara Consulting Västerås AB",
    "orgNumber": "556605-1354",
    "location": "Stora Gatan 38, 722 12, Västerås",
    "link": "556605-1354",
    "revenue": "15672 SEK",
    "employees": "15"
  },
  {
    "name": "Klara Consulting Eskilstuna AB",
    "orgNumber": "556513-9325",
    "location": "Kungsgatan 43, 632 17, Eskilstuna",
    "link": "556513-9325",
    "revenue": "15859 SEK",
    "employees": "18"
  },
  {
    "name": "Masmästaren Dalarna Kommanditbolag",
    "orgNumber": "916463-3001",
    "location": "Åsgatan 30, 791 70, Falun",
    "link": "916463-3001",
    "employees": "0"
  },
  {
    "name": "Säker Trafik Dalarna AB",
    "orgNumber": "556807-9387",
    "location": "Kniptjärnsberget 8, 791 93, FALUN",
    "link": "556807-9387",
    "revenue": "12923 SEK",
    "employees": "11"
  },
  {
    "name": "Karona Butiksinredningar AB",
    "orgNumber": "556783-8353",
    "location": "",
    "link": "556783-8353",
    "revenue": "19731 SEK",
    "employees": "6"
  },
  {
    "name": "Structor Projektledning Dalarna AB",
    "orgNumber": "556654-8698",
    "location": "Dalag. 8, 784 33, Borlänge",
    "link": "556654-8698",
    "revenue": "30316 SEK",
    "employees": "15"
  },
  {
    "name": "Elinstallationer i dalarna AB",
    "orgNumber": "559224-7992",
    "location": "Cirkelgatan 8, 781 72, Borlänge",
    "link": "559224-7992",
    "revenue": "22789 SEK",
    "employees": "14"
  },
  {
    "name": "Skrået Skorstensfejeri Dalarna AB",
    "orgNumber": "556343-7887",
    "location": "Ivarshyttevägen 4, 77633, Hedemora",
    "link": "556343-7887",
    "revenue": "7863 SEK",
    "employees": "9"
  },
  {
    "name": "Hälla Kvarn Aktiebolag",
    "orgNumber": "556251-9768",
    "location": "Tortuna, 725 96, Västerås",
    "link": "556251-9768",
    "revenue": "17839 SEK",
    "employees": "2"
  },
  {
    "name": "Blomkvist Bygg & Konsult i Dalarna AB",
    "orgNumber": "559155-6716",
    "location": "",
    "link": "559155-6716",
    "revenue": "3381 SEK",
    "employees": "2"
  },
  {
    "name": "Klarna Technologies Sweden AB",
    "orgNumber": "556586-1415",
    "location": "Sveavägen 38, 111 34, Stockholm",
    "link": "556586-1415",
    "revenue": "123890 SEK",
    "employees": "10"
  },
  {
    "name": "Klarna MAS AB",
    "orgNumber": "556864-9478",
    "location": "Sveavägen 46, 111 34, Stockholm",
    "link": "556864-9478",
    "revenue": "73004 SEK",
    "employees": "0"
  },
  {
    "name": "Åsarna Skicenter Aktiebolag",
    "orgNumber": "556243-9736",
    "location": "Olstav. 45, 845 51, Åsarna",
    "link": "556243-9736",
    "revenue": "53568 SEK",
    "employees": "23"
  },
  {
    "name": "Klarna Technologies Holding AB",
    "orgNumber": "559042-3017",
    "location": "Sveavägen 38, 111 34, Stockholm",
    "link": "559042-3017",
    "revenue": "892 SEK",
    "employees": "0"
  },
  {
    "name": "Bygg Partner i Dalarna Aktiebolag",
    "orgNumber": "556531-9984",
    "location": "Brunnsgatan 38, 784 35, Borlänge",
    "link": "556531-9984",
    "revenue": "2339964 SEK",
    "employees": "326"
  },
  {
    "name": "Bilkompaniet Dalarna AB",
    "orgNumber": "556040-3650",
    "location": "Engelbrekts Väg 3, 792 32, Mora",
    "link": "556040-3650",
    "revenue": "1094296 SEK",
    "employees": "125"
  }
]
[2026-06-01T04:57:16.564Z] [INFO] Found 25 companies
